========== METODO 1.4 BuscarEInsertarEnOrden ==========

CANTIDAD DE VALORES A AGREGAR: =================================================
VALOR #1: 

VALOR ENCONTRADO/INSERTADO EN LA POSICION #0

ARREGLO: 
4 
=================================================
VALOR #2: 

VALOR ENCONTRADO/INSERTADO EN LA POSICION #1

ARREGLO: 
4 5 
=================================================
VALOR #3: 

VALOR ENCONTRADO/INSERTADO EN LA POSICION #2

ARREGLO: 
4 5 6 
=================================================
VALOR #4: 

VALOR ENCONTRADO/INSERTADO EN LA POSICION #3

ARREGLO: 
4 5 6 8 
=================================================
VALOR #5: 

VALOR ENCONTRADO/INSERTADO EN LA POSICION #4

ARREGLO: 
4 5 6 8 79 
=================================================
VALOR #6: 

VALOR ENCONTRADO/INSERTADO EN LA POSICION #4

ARREGLO: 
4 5 6 8 12 79 
=================================================
VALOR #7: 

VALOR ENCONTRADO/INSERTADO EN LA POSICION #5

ARREGLO: 
4 5 6 8 12 13 79 
=================================================
