========== METODO 1.1 InsertarEnOrden ==========

CANTIDAD DE VALORES A AGREGAR: =================================================
VALOR #1: 

VALOR INSERTADO EN LA POSICION #0

ARREGLO: 
1 
=================================================
VALOR #2: 

VALOR INSERTADO EN LA POSICION #1

ARREGLO: 
1 3 
=================================================
VALOR #3: 

VALOR INSERTADO EN LA POSICION #2

ARREGLO: 
1 3 4 
=================================================
VALOR #4: 

VALOR INSERTADO EN LA POSICION #3

ARREGLO: 
1 3 4 10 
=================================================
VALOR #5: 

VALOR INSERTADO EN LA POSICION #3

ARREGLO: 
1 3 4 4 10 
=================================================
VALOR #6: 

VALOR INSERTADO EN LA POSICION #1

ARREGLO: 
1 2 3 4 4 10 
=================================================
VALOR #7: 

VALOR INSERTADO EN LA POSICION #0

ARREGLO: 
-99 1 2 3 4 4 10 
=================================================
VALOR #8: 

VALOR INSERTADO EN LA POSICION #7

ARREGLO: 
-99 1 2 3 4 4 10 100 
=================================================
VALOR #9: 

VALOR INSERTADO EN LA POSICION #8

ARREGLO: 
-99 1 2 3 4 4 10 100 100 
=================================================
