========== METODO 1.3 BuscarEnOrden ==========

CANTIDAD DE VALORES A AGREGAR: =================================================
VALOR #1: VALOR #2: VALOR #3: VALOR #4: VALOR #5: 
ARREGLO: 
4 6 7 8 21 
=================================================
BUSCAR VALOR: 
ENCONTRADO EN LA POSICION #4
=================================================
BUSCAR VALOR: 
EL VALOR 23 NO EXISTE EN EL ARREGLO
=================================================
BUSCAR VALOR: 
EL VALOR 24 NO EXISTE EN EL ARREGLO
=================================================
BUSCAR VALOR: 
ENCONTRADO EN LA POSICION #0
=================================================
BUSCAR VALOR: 
ENCONTRADO EN LA POSICION #2
=================================================
BUSCAR VALOR: 