========== METODO 1.3 BuscarEnOrden ==========

CANTIDAD DE VALORES A AGREGAR: =================================================
VALOR #1: VALOR #2: VALOR #3: VALOR #4: VALOR #5: VALOR #6: 
ARREGLO: 
2 4 5 7 9 10 
=================================================
BUSCAR VALOR: 
ENCONTRADO EN LA POSICION #0
=================================================
BUSCAR VALOR: 
ENCONTRADO EN LA POSICION #1
=================================================
BUSCAR VALOR: 
ENCONTRADO EN LA POSICION #2
=================================================
BUSCAR VALOR: 
ENCONTRADO EN LA POSICION #3
=================================================
BUSCAR VALOR: 
ENCONTRADO EN LA POSICION #4
=================================================
BUSCAR VALOR: 
ENCONTRADO EN LA POSICION #5
=================================================
BUSCAR VALOR: 
EL VALOR 11 NO EXISTE EN EL ARREGLO
=================================================
BUSCAR VALOR: 
EL VALOR 13 NO EXISTE EN EL ARREGLO
=================================================
BUSCAR VALOR: 