========== METODO 1.2 InsertarEnOrden ==========

CANTIDAD DE VALORES A AGREGAR: =================================================
VALOR #1: 

VALOR ENCONTRADO/INSERTADO EN LA POSICION #0

ARREGLO: 
3 
=================================================
VALOR #2: 

VALOR ENCONTRADO/INSERTADO EN LA POSICION #0

ARREGLO: 
3 
=================================================
VALOR #3: 

VALOR ENCONTRADO/INSERTADO EN LA POSICION #0

ARREGLO: 
2 3 
=================================================
VALOR #4: 

VALOR ENCONTRADO/INSERTADO EN LA POSICION #1

ARREGLO: 
2 3 
=================================================
VALOR #5: 

VALOR ENCONTRADO/INSERTADO EN LA POSICION #0

ARREGLO: 
2 3 
=================================================
