========== METODO 1.2 InsertarEnOrden ==========

CANTIDAD DE VALORES A AGREGAR: =================================================
VALOR #1: 

VALOR ENCONTRADO/INSERTADO EN LA POSICION #0

ARREGLO: 
1 
=================================================
VALOR #2: 

VALOR ENCONTRADO/INSERTADO EN LA POSICION #1

ARREGLO: 
1 5 
=================================================
VALOR #3: 

VALOR ENCONTRADO/INSERTADO EN LA POSICION #1

ARREGLO: 
1 4 5 
=================================================
VALOR #4: 

VALOR ENCONTRADO/INSERTADO EN LA POSICION #3

ARREGLO: 
1 4 5 7 
=================================================
VALOR #5: 

VALOR ENCONTRADO/INSERTADO EN LA POSICION #1

ARREGLO: 
1 2 4 5 7 
=================================================
VALOR #6: 

VALOR ENCONTRADO/INSERTADO EN LA POSICION #0

ARREGLO: 
1 2 4 5 7 
=================================================
VALOR #7: 

VALOR ENCONTRADO/INSERTADO EN LA POSICION #5

ARREGLO: 
1 2 4 5 7 8 
=================================================
VALOR #8: 

VALOR ENCONTRADO/INSERTADO EN LA POSICION #6

ARREGLO: 
1 2 4 5 7 8 9 
=================================================
VALOR #9: 

VALOR ENCONTRADO/INSERTADO EN LA POSICION #4

ARREGLO: 
1 2 4 5 7 8 9 
=================================================
VALOR #10: 

VALOR ENCONTRADO/INSERTADO EN LA POSICION #0

ARREGLO: 
1 2 4 5 7 8 9 
=================================================
